<?xml version="1.0" encoding="UTF-8"?>
<testsuite xmlns:xsi="http://www.w3.org/2001/XMLSchema-instance" xsi:schemaLocation="https://maven.apache.org/surefire/maven-surefire-plugin/xsd/surefire-test-report.xsd" name="dao.Sql2oNewsDaoTest" time="0.382" tests="4" errors="1" skipped="0" failures="0">
  <properties>
[...]
</properties>
  <testcase name="getAll" classname="dao.Sql2oNewsDaoTest" time="0.178">
    <error message="Database error: ERROR: syntax error at or near &quot;RETURNING&quot;&#10;  Position: 20" type="org.sql2o.Sql2oException">org.sql2o.Sql2oException: 
Database error: ERROR: syntax error at or near "RETURNING"
  Position: 20
	at dao.Sql2oNewsDaoTest.getAll(Sql2oNewsDaoTest.java:90)
Caused by: org.postgresql.util.PSQLException: 
ERROR: syntax error at or near "RETURNING"
  Position: 20
	at dao.Sql2oNewsDaoTest.getAll(Sql2oNewsDaoTest.java:90)
</error>
    <system-out><![CDATA[connection closed
connected to database
clearing database
]]></system-out>
  </testcase>
  <testcase name="addNews" classname="dao.Sql2oNewsDaoTest" time="0.09"/>
  <testcase name="findById" classname="dao.Sql2oNewsDaoTest" time="0.027"/>
  <testcase name="addDepartmentNews" classname="dao.Sql2oNewsDaoTest" time="0.084"/>
</testsuite>